[debug] [2025-12-14T17:01:07.718Z] ----------------------------------------------------------------------
[debug] [2025-12-14T17:01:07.725Z] Command:       C:\Program Files\nodejs\node.exe C:\Users\HOME\AppData\Roaming\npm\node_modules\firebase-tools\lib\bin\firebase.js init emulators
[debug] [2025-12-14T17:01:07.726Z] CLI Version:   15.0.0
[debug] [2025-12-14T17:01:07.726Z] Platform:      win32
[debug] [2025-12-14T17:01:07.726Z] Node Version:  v24.11.0
[debug] [2025-12-14T17:01:07.726Z] Time:          Sun Dec 14 2025 13:01:07 GMT-0400 (Venezuela Time)
[debug] [2025-12-14T17:01:07.726Z] ----------------------------------------------------------------------
[debug] 
[info] 
     ######## #### ########  ######## ########     ###     ######  ########
     ##        ##  ##     ## ##       ##     ##  ##   ##  ##       ##
     ######    ##  ########  ######   ########  #########  ######  ######
     ##        ##  ##    ##  ##       ##     ## ##     ##       ## ##
     ##       #### ##     ## ######## ########  ##     ##  ######  ########

You're about to initialize a Firebase project in this directory:

  C:\Users\HOME\Documents\KevinDocs\vitalmoto_v2

Before we get started, keep in mind:

  * You are initializing within an existing Firebase project directory

[info] 
=== Project Setup
[info] 
[info] First, let's associate this project directory with a Firebase project.
[info] You can create multiple project aliases by running firebase use --add, 
[info] 
[debug] [2025-12-14T17:01:46.501Z] > command requires scopes: ["email","openid","https://www.googleapis.com/auth/cloudplatformprojects.readonly","https://www.googleapis.com/auth/firebase","https://www.googleapis.com/auth/cloud-platform"]
[debug] [2025-12-14T17:01:46.502Z] > authorizing via signed-in user (vitalmoto24.7@gmail.com)
[debug] [2025-12-14T17:01:46.505Z] Checked if tokens are valid: true, expires at: 1765735056019
[debug] [2025-12-14T17:01:46.506Z] Checked if tokens are valid: true, expires at: 1765735056019
[debug] [2025-12-14T17:01:46.507Z] >>> [apiv2][query] GET https://firebase.googleapis.com/v1beta1/projects/your-firebase-project-id [none]
[debug] [2025-12-14T17:01:47.148Z] <<< [apiv2][status] GET https://firebase.googleapis.com/v1beta1/projects/your-firebase-project-id 403
[debug] [2025-12-14T17:01:47.148Z] <<< [apiv2][body] GET https://firebase.googleapis.com/v1beta1/projects/your-firebase-project-id {"error":{"code":403,"message":"The caller does not have permission","status":"PERMISSION_DENIED"}}
[debug] [2025-12-14T17:01:47.149Z] Request to https://firebase.googleapis.com/v1beta1/projects/your-firebase-project-id had HTTP Error: 403, The caller does not have permission
[debug] [2025-12-14T17:01:47.465Z] FirebaseError: Request to https://firebase.googleapis.com/v1beta1/projects/your-firebase-project-id had HTTP Error: 403, The caller does not have permission
    at responseToError (C:\Users\HOME\AppData\Roaming\npm\node_modules\firebase-tools\lib\responseToError.js:53:12)
    at RetryOperation._fn (C:\Users\HOME\AppData\Roaming\npm\node_modules\firebase-tools\lib\apiv2.js:322:77)
    at process.processTicksAndRejections (node:internal/process/task_queues:105:5)
[error] 
[error] Error: Failed to get Firebase project your-firebase-project-id. Please make sure the project exists and your account has permission to access it.
